This is pdfTeX, Version 3.141592653-2.6-1.40.25 (MiKTeX 24.1) (preloaded format=pdflatex 2024.10.22)  3 NOV 2024 10:24
entering extended mode
 restricted \write18 enabled.
 file:line:error style messages enabled.
 %&-line parsing enabled.
**c:/Users/comar/Documents/Codice/Schemi-Latex/ConcettiOOP.tex
(c:/Users/comar/Documents/Codice/Schemi-Latex/ConcettiOOP.tex
LaTeX2e <2023-11-01> patch level 1
L3 programming layer <2024-01-04>
(C:\Users\comar\AppData\Local\Programs\MiKTeX\tex/latex/base\article.cls
Document Class: article 2023/05/17 v1.4n Standard LaTeX document class
(C:\Users\comar\AppData\Local\Programs\MiKTeX\tex/latex/base\size10.clo
File: size10.clo 2023/05/17 v1.4n Standard LaTeX file (size option)
)
\c@part=\count187
\c@section=\count188
\c@subsection=\count189
\c@subsubsection=\count190
\c@paragraph=\count191
\c@subparagraph=\count192
\c@figure=\count193
\c@table=\count194
\abovecaptionskip=\skip48
\belowcaptionskip=\skip49
\bibindent=\dimen140
) (C:\Users\comar\AppData\Local\Programs\MiKTeX\tex/latex/base\inputenc.sty
Package: inputenc 2021/02/14 v1.3d Input encoding file
\inpenc@prehook=\toks17
\inpenc@posthook=\toks18
) (C:\Users\comar\AppData\Local\Programs\MiKTeX\tex/latex/l3backend\l3backend-pdftex.def
File: l3backend-pdftex.def 2024-01-04 L3 backend support: PDF output (pdfTeX)
\l__color_backend_stack_int=\count195
\l__pdf_internal_box=\box51
) (ConcettiOOP.aux)
\openout1 = `ConcettiOOP.aux'.

LaTeX Font Info:    Checking defaults for OML/cmm/m/it on input line 8.
LaTeX Font Info:    ... okay on input line 8.
LaTeX Font Info:    Checking defaults for OMS/cmsy/m/n on input line 8.
LaTeX Font Info:    ... okay on input line 8.
LaTeX Font Info:    Checking defaults for OT1/cmr/m/n on input line 8.
LaTeX Font Info:    ... okay on input line 8.
LaTeX Font Info:    Checking defaults for T1/cmr/m/n on input line 8.
LaTeX Font Info:    ... okay on input line 8.
LaTeX Font Info:    Checking defaults for TS1/cmr/m/n on input line 8.
LaTeX Font Info:    ... okay on input line 8.
LaTeX Font Info:    Checking defaults for OMX/cmex/m/n on input line 8.
LaTeX Font Info:    ... okay on input line 8.
LaTeX Font Info:    Checking defaults for U/cmr/m/n on input line 8.
LaTeX Font Info:    ... okay on input line 8.
LaTeX Font Info:    External font `cmex10' loaded for size
(Font)              <12> on input line 9.
LaTeX Font Info:    External font `cmex10' loaded for size
(Font)              <8> on input line 9.
LaTeX Font Info:    External font `cmex10' loaded for size
(Font)              <6> on input line 9.
 (ConcettiOOP.toc
LaTeX Font Info:    External font `cmex10' loaded for size
(Font)              <7> on input line 2.
LaTeX Font Info:    External font `cmex10' loaded for size
(Font)              <5> on input line 2.
 [1

{C:/Users/comar/AppData/Local/MiKTeX/fonts/map/pdftex/pdftex.map}])
\tf@toc=\write3
\openout3 = `ConcettiOOP.toc'.


Overfull \hbox (0.18056pt too wide) in paragraph at lines 30--31
[]\OT1/cmr/bx/n/10 Feedback rapido\OT1/cmr/m/n/10 : per-me-tte ai team di ot-tenere ve-lo-ce-mente in-for-mazioni
 []

[2] [3]
Overfull \hbox (9.08392pt too wide) in paragraph at lines 79--80
\OT1/cmr/m/n/10 Esistono di-verse metodolo-gie ag-ile, og-nuna con le pro-prie carat-ter-is-tiche e pratiche,
 []

[4] [5]
Overfull \hbox (5.41481pt too wide) in paragraph at lines 130--131
[]\OT1/cmr/bx/n/10 Jenkins, Git-Lab CI/CD e Cir-cleCI\OT1/cmr/m/n/10 : per l'automazione dell'integrazione
 []


Overfull \hbox (0.58836pt too wide) in paragraph at lines 133--134
[]\OT1/cmr/bx/n/10 Prometheus, Grafana e ELK Stack \OT1/cmr/m/n/10 (Elas-tic-search, Logstash, Kibana):
 []

[6]
Overfull \hbox (7.24867pt too wide) in paragraph at lines 139--140
[]\OT1/cmr/bx/n/10 Qualit^^Ra e af-fid-abilit^^Ra\OT1/cmr/m/n/10 : l'automazione dei test e la pipeline CI/CD riducono
 []

[7] [8] [9] [10] [11] [12] (ConcettiOOP.aux)
 ***********
LaTeX2e <2023-11-01> patch level 1
L3 programming layer <2024-01-04>
 ***********
 ) 
Here is how much of TeX's memory you used:
 515 strings out of 474486
 10162 string characters out of 5743754
 1934542 words of memory out of 5000000
 22862 multiletter control sequences out of 15000+600000
 562659 words of font info for 51 fonts, out of 8000000 for 9000
 1141 hyphenation exceptions out of 8191
 35i,6n,50p,582b,197s stack positions out of 10000i,1000n,20000p,200000b,200000s
 <C:\Users\comar\AppData\Local\MiKTeX\fonts/pk/ljfour/jknappen/ec/dpi600\tcrm1000.pk><C:/Users/comar/AppData/Local/Programs/MiKTeX/fonts/type1/public/amsfonts/cm/cmbx10.pfb><C:/Users/comar/AppData/Local/Programs/MiKTeX/fonts/type1/public/amsfonts/cm/cmbx12.pfb><C:/Users/comar/AppData/Local/Programs/MiKTeX/fonts/type1/public/amsfonts/cm/cmr10.pfb><C:/Users/comar/AppData/Local/Programs/MiKTeX/fonts/type1/public/amsfonts/cm/cmr12.pfb><C:/Users/comar/AppData/Local/Programs/MiKTeX/fonts/type1/public/amsfonts/cm/cmr17.pfb>
Output written on ConcettiOOP.pdf (12 pages, 113996 bytes).
PDF statistics:
 71 PDF objects out of 1000 (max. 8388607)
 0 named destinations out of 1000 (max. 500000)
 1 words of extra memory for PDF output out of 10000 (max. 10000000)

