\BOOKMARK [0][-]{part.1}{\376\377\000I\000\040\000H\000a\000r\000d\000w\000a\000r\000e\000\040\000e\000\040\000A\000r\000c\000h\000i\000t\000e\000t\000t\000u\000r\000a\000\040\000d\000e\000g\000l\000i\000\040\000e\000l\000a\000b\000o\000r\000a\000t\000o\000r\000i}{}% 1
\BOOKMARK [0][-]{part.2}{\376\377\000I\000I\000\040\000I\000n\000t\000r\000o\000d\000u\000z\000i\000o\000n\000e\000\040\000a\000i\000\040\000S\000i\000s\000t\000e\000m\000i\000\040\000O\000p\000e\000r\000a\000t\000i\000v\000i}{}% 2
\BOOKMARK [1][-]{section.1}{\376\377\000D\000e\000f\000i\000n\000i\000z\000i\000o\000n\000e}{part.2}% 3
\BOOKMARK [1][-]{section.2}{\376\377\000S\000t\000o\000r\000i\000a}{part.2}% 4
\BOOKMARK [2][-]{subsection.2.1}{\376\377\000E\000s\000o\000r\000d\000i}{section.2}% 5
\BOOKMARK [2][-]{subsection.2.2}{\376\377\000I\000I\000\040\000G\000e\000n\000e\000r\000a\000z\000i\000o\000n\000e\000:\000\040\000T\000r\000a\000n\000s\000i\000s\000t\000o\000r\000\040\000e\000\040\000s\000i\000s\000t\000e\000m\000i\000\040\000b\000a\000t\000c\000h}{section.2}% 6
\BOOKMARK [2][-]{subsection.2.3}{\376\377\000I\000I\000I\000\040\000G\000e\000n\000e\000r\000a\000z\000i\000o\000n\000e\000:\000\040\000S\000i\000s\000t\000e\000m\000i\000\040\000m\000u\000l\000t\000i\000p\000r\000o\000g\000r\000a\000m\000m\000a\000t\000i}{section.2}% 7
\BOOKMARK [2][-]{subsection.2.4}{\376\377\000S\000i\000s\000t\000e\000m\000i\000\040\000t\000i\000m\000e\000-\000s\000h\000a\000r\000i\000n\000g}{section.2}% 8
\BOOKMARK [0][-]{part.3}{\376\377\000I\000I\000I\000\040\000C\000o\000m\000p\000o\000n\000e\000n\000t\000i\000,\000\040\000s\000e\000r\000v\000i\000z\000i\000\040\000e\000\040\000s\000t\000r\000u\000t\000t\000u\000r\000e\000\040\000d\000e\000i\000\040\000S\000.\000O}{}% 9
\BOOKMARK [1][-]{section.3}{\376\377\000C\000o\000m\000p\000o\000n\000e\000n\000t\000i\000\040\000c\000o\000m\000u\000n\000i\000\040\000d\000e\000i\000\040\000s\000i\000s\000t\000e\000m\000i}{part.3}% 10
\BOOKMARK [2][-]{subsection.3.1}{\376\377\000G\000e\000s\000t\000i\000o\000n\000e\000\040\000d\000e\000i\000\040\000p\000r\000o\000c\000e\000s\000s\000i}{section.3}% 11
\BOOKMARK [2][-]{subsection.3.2}{\376\377\000G\000e\000s\000t\000i\000o\000n\000e\000\040\000d\000e\000l\000l\000a\000\040\000m\000e\000m\000o\000r\000i\000a\000\040\000p\000r\000i\000n\000c\000i\000p\000a\000l\000e}{section.3}% 12
\BOOKMARK [2][-]{subsection.3.3}{\376\377\000G\000e\000s\000t\000i\000o\000n\000e\000\040\000d\000e\000l\000l\000a\000\040\000m\000e\000m\000o\000r\000i\000a\000\040\000s\000e\000c\000o\000n\000d\000a\000r\000i\000a}{section.3}% 13
\BOOKMARK [2][-]{subsection.3.4}{\376\377\000G\000e\000s\000t\000i\000o\000n\000e\000\040\000d\000e\000l\000\040\000s\000i\000s\000t\000e\000m\000a\000\040\000d\000i\000\040\000I\000/\000O}{section.3}% 14
\BOOKMARK [2][-]{subsection.3.5}{\376\377\000G\000e\000s\000t\000i\000o\000n\000\040\000d\000e\000i\000\040\000F\000i\000l\000e}{section.3}% 15
\BOOKMARK [2][-]{subsection.3.6}{\376\377\000S\000i\000s\000t\000e\000m\000i\000\040\000d\000i\000\040\000p\000r\000o\000t\000e\000z\000i\000o\000n\000e}{section.3}% 16
\BOOKMARK [2][-]{subsection.3.7}{\376\377\000N\000e\000t\000w\000o\000r\000k\000i\000n\000g\000\050\000S\000i\000s\000t\000e\000m\000i\000\040\000d\000i\000s\000t\000r\000i\000b\000u\000i\000t\000i\000\051}{section.3}% 17
\BOOKMARK [2][-]{subsection.3.8}{\376\377\000I\000n\000t\000e\000r\000p\000r\000e\000t\000e\000\040\000d\000e\000i\000\040\000c\000o\000m\000a\000n\000d\000i}{section.3}% 18
\BOOKMARK [1][-]{section.4}{\376\377\000S\000e\000r\000v\000i\000z\000i\000\040\000d\000e\000i\000\040\000S\000i\000s\000t\000e\000m\000i\000\040\000o\000p\000e\000r\000a\000t\000i\000v\000i}{part.3}% 19
\BOOKMARK [1][-]{section.5}{\376\377\000C\000h\000i\000a\000m\000a\000t\000e\000\040\000d\000i\000\040\000S\000i\000s\000t\000e\000m\000a\000\040\000\050\000S\000y\000s\000t\000e\000m\000\040\000C\000a\000l\000l\000s\000\051}{part.3}% 20
\BOOKMARK [2][-]{subsection.5.1}{\376\377\000D\000e\000f\000i\000n\000i\000z\000i\000o\000n\000e}{section.5}% 21
\BOOKMARK [2][-]{subsection.5.2}{\376\377\000T\000i\000p\000i\000\040\000d\000i\000\040\000c\000h\000i\000a\000m\000a\000t\000e\000\040\000d\000i\000\040\000s\000i\000s\000t\000e\000m\000a}{section.5}% 22
\BOOKMARK [1][-]{section.6}{\376\377\000P\000r\000o\000g\000r\000a\000m\000m\000i\000\040\000d\000i\000\040\000s\000i\000s\000t\000e\000m\000a}{part.3}% 23
\BOOKMARK [1][-]{section.7}{\376\377\000S\000t\000r\000u\000t\000t\000u\000r\000a\000\040\000d\000e\000i\000\040\000S\000i\000s\000t\000e\000m\000i\000\040\000O\000p\000e\000r\000a\000t\000i\000v\000i}{part.3}% 24
\BOOKMARK [2][-]{subsection.7.1}{\376\377\000a\000p\000p\000r\000o\000c\000c\000i\000o\000\040\000s\000e\000m\000p\000l\000i\000c\000e}{section.7}% 25
\BOOKMARK [2][-]{subsection.7.2}{\376\377\000a\000p\000p\000r\000o\000c\000c\000i\000o\000\040\000s\000t\000r\000a\000t\000i\000f\000i\000c\000a\000t\000o}{section.7}% 26
\BOOKMARK [1][-]{section.8}{\376\377\000M\000a\000c\000c\000h\000i\000n\000e\000\040\000v\000i\000r\000t\000u\000a\000l\000i}{part.3}% 27
\BOOKMARK [2][-]{subsection.8.1}{\376\377\000d\000e\000f\000i\000n\000i\000z\000i\000o\000n\000e}{section.8}% 28
\BOOKMARK [2][-]{subsection.8.2}{\376\377\000E\000x\000o\000k\000e\000r\000n\000e\000l}{section.8}% 29
\BOOKMARK [1][-]{section.9}{\376\377\000m\000e\000c\000c\000a\000n\000i\000s\000m\000i\000\040\000e\000\040\000p\000o\000l\000i\000t\000i\000c\000h\000e}{part.3}% 30
\BOOKMARK [1][-]{section.10}{\376\377\000S\000i\000s\000t\000e\000m\000i\000\040\000c\000o\000n\000\040\000M\000i\000c\000r\000o\000k\000e\000r\000n\000e\000l}{part.3}% 31
\BOOKMARK [1][-]{section.11}{\376\377\000E\000s\000e\000m\000p\000i}{part.3}% 32
\BOOKMARK [0][-]{part.4}{\376\377\000I\000V\000\040\000P\000r\000o\000c\000e\000s\000s\000i\000\040\000e\000\040\000T\000h\000r\000e\000a\000d}{}% 33
\BOOKMARK [1][-]{section.12}{\376\377\000C\000o\000n\000c\000e\000t\000t\000o\000\040\000d\000i\000\040\000p\000r\000o\000c\000e\000s\000s\000o}{part.4}% 34
\BOOKMARK [1][-]{section.13}{\376\377\000O\000p\000e\000r\000a\000z\000i\000o\000n\000i\000\040\000s\000u\000i\000\040\000p\000r\000o\000c\000e\000s\000s\000i}{part.4}% 35
\BOOKMARK [2][-]{subsection.13.1}{\376\377\000s\000w\000i\000t\000c\000h\000\040\000d\000i\000\040\000c\000o\000n\000t\000e\000s\000t\000o}{section.13}% 36
\BOOKMARK [2][-]{subsection.13.2}{\376\377\000C\000r\000e\000a\000z\000i\000o\000n\000e\000\040\000d\000i\000\040\000u\000n\000\040\000p\000r\000o\000c\000e\000s\000s\000o\000:}{section.13}% 37
\BOOKMARK [2][-]{subsection.13.3}{\376\377\000T\000e\000r\000m\000i\000n\000a\000z\000i\000o\000n\000e\000\040\000d\000i\000\040\000u\000n\000\040\000p\000r\000o\000c\000e\000s\000s\000o\000:}{section.13}% 38
\BOOKMARK [2][-]{subsection.13.4}{\376\377\000G\000e\000r\000a\000r\000c\000h\000i\000a\000\040\000d\000e\000i\000\040\000p\000r\000o\000c\000e\000s\000s\000i\000:}{section.13}% 39
\BOOKMARK [2][-]{subsection.13.5}{\376\377\000S\000t\000a\000t\000i\000\040\000d\000e\000i\000\040\000p\000r\000o\000c\000e\000s\000s\000i\000:}{section.13}% 40
\BOOKMARK [2][-]{subsection.13.6}{\376\377\000P\000r\000o\000c\000e\000s\000s\000\040\000C\000o\000n\000t\000r\000o\000l\000\040\000B\000l\000o\000c\000k\000\040\000-\000\040\000P\000C\000B}{section.13}% 41
\BOOKMARK [2][-]{subsection.13.7}{\376\377\000G\000l\000i\000\040\000s\000c\000h\000e\000d\000u\000l\000e\000r}{section.13}% 42
\BOOKMARK [2][-]{subsection.13.8}{\376\377\000M\000o\000d\000e\000l\000l\000i\000\040\000d\000i\000\040\000e\000s\000e\000c\000u\000z\000i\000o\000n\000e\000\040\000d\000e\000i\000\040\000p\000r\000o\000c\000e\000s\000s\000i\000:}{section.13}% 43
\BOOKMARK [1][-]{section.14}{\376\377\000T\000h\000r\000e\000a\000d\000s}{part.4}% 44
\BOOKMARK [1][-]{section.15}{\376\377\000S\000c\000h\000e\000d\000u\000l\000i\000n\000g\000\040\000d\000e\000i\000\040\000p\000r\000o\000c\000e\000s\000s\000i}{part.4}% 45
\BOOKMARK [0][-]{part.5}{\376\377\000V\000\040\000S\000c\000h\000e\000d\000u\000l\000i\000n\000g\000\040\000C\000P\000U}{}% 46
\BOOKMARK [1][-]{section.16}{\376\377\000I\000n\000t\000r\000o\000d\000u\000z\000i\000o\000n\000e}{part.5}% 47
\BOOKMARK [0][-]{part.6}{\376\377\000V\000I\000\040\000E\000s\000e\000r\000c\000i\000z\000i}{}% 48
